.gradle-build-v3/aparajita-capacitor-biometric-auth/intermediates/manifest_merge_blame_file/debug/processDebugManifest/manifest-merger-blame-debug-report.txt
1<?xml version="1.0" encoding="utf-8"?>
2<manifest xmlns:android="http://schemas.android.com/apk/res/android"
3    package="com.aparajita.capacitor.biometricauth" >
4
5    <uses-sdk android:minSdkVersion="23" />
6
7    <application>
7-->src\main\AndroidManifest.xml:4:5-9:19
8        <activity
8-->src\main\AndroidManifest.xml:5:7-8:54
9            android:name="com.aparajita.capacitor.biometricauth.AuthActivity"
9-->src\main\AndroidManifest.xml:6:9-37
10            android:label="@string/title_activity_auth_activity"
10-->src\main\AndroidManifest.xml:7:9-61
11            android:theme="@style/AppTheme.Transparent" />
11-->src\main\AndroidManifest.xml:8:9-52
12    </application>
13
14</manifest>